This is pdfTeX, Version 3.1415926-1.40.10 (TeX Live 2009/Debian) (format=pdflatex 2014.8.27)  27 SEP 2014 00:36
entering extended mode
 %&-line parsing enabled.
**INF3490_Homework_1_Report.tex
(./INF3490_Homework_1_Report.tex
LaTeX2e <2009/09/24>
Babel <v3.8l> and hyphenation patterns for english, usenglishmax, dumylang, noh
yphenation, farsi, arabic, croatian, bulgarian, ukrainian, russian, czech, slov
ak, danish, dutch, finnish, french, basque, ngerman, german, german-x-2009-06-1
9, ngerman-x-2009-06-19, ibycus, monogreek, greek, ancientgreek, hungarian, san
skrit, italian, latin, latvian, lithuanian, mongolian2a, mongolian, bokmal, nyn
orsk, romanian, irish, coptic, serbian, turkish, welsh, esperanto, uppersorbian
, estonian, indonesian, interlingua, icelandic, kurmanji, slovenian, polish, po
rtuguese, spanish, galician, catalan, swedish, ukenglish, pinyin, loaded.
(/usr/share/texmf-texlive/tex/latex/IEEEtran/IEEEtran.cls
Document Class: IEEEtran 2007/03/05 V1.7a by Michael Shell
-- See the "IEEEtran_HOWTO" manual for usage information.
-- http://www.michaelshell.org/tex/ieeetran/
\@IEEEtrantmpdimenA=\dimen102
\@IEEEtrantmpdimenB=\dimen103
\@IEEEtrantmpcountA=\count79
\@IEEEtrantmpcountB=\count80
\@IEEEtrantmptoksA=\toks14
LaTeX Font Info:    Try loading font information for OT1+ptm on input line 366.

(/usr/share/texmf-texlive/tex/latex/psnfss/ot1ptm.fd
File: ot1ptm.fd 2001/06/04 font definitions for OT1/ptm.
)
-- Using 8.5in x 11in (letter) paper.
-- Using PDF output.
\@IEEEnormalsizeunitybaselineskip=\dimen104
-- This is a 10 point document.
\CLASSINFOnormalsizebaselineskip=\dimen105
\CLASSINFOnormalsizeunitybaselineskip=\dimen106
\IEEEnormaljot=\dimen107
LaTeX Font Info:    Font shape `OT1/ptm/bx/n' in size <5> not available
(Font)              Font shape `OT1/ptm/b/n' tried instead on input line 724.
LaTeX Font Info:    Font shape `OT1/ptm/bx/it' in size <5> not available
(Font)              Font shape `OT1/ptm/b/it' tried instead on input line 724.
LaTeX Font Info:    Font shape `OT1/ptm/bx/n' in size <7> not available
(Font)              Font shape `OT1/ptm/b/n' tried instead on input line 724.
LaTeX Font Info:    Font shape `OT1/ptm/bx/it' in size <7> not available
(Font)              Font shape `OT1/ptm/b/it' tried instead on input line 724.
LaTeX Font Info:    Font shape `OT1/ptm/bx/n' in size <8> not available
(Font)              Font shape `OT1/ptm/b/n' tried instead on input line 724.
LaTeX Font Info:    Font shape `OT1/ptm/bx/it' in size <8> not available
(Font)              Font shape `OT1/ptm/b/it' tried instead on input line 724.
LaTeX Font Info:    Font shape `OT1/ptm/bx/n' in size <9> not available
(Font)              Font shape `OT1/ptm/b/n' tried instead on input line 724.
LaTeX Font Info:    Font shape `OT1/ptm/bx/it' in size <9> not available
(Font)              Font shape `OT1/ptm/b/it' tried instead on input line 724.
LaTeX Font Info:    Font shape `OT1/ptm/bx/n' in size <10> not available
(Font)              Font shape `OT1/ptm/b/n' tried instead on input line 724.
LaTeX Font Info:    Font shape `OT1/ptm/bx/it' in size <10> not available
(Font)              Font shape `OT1/ptm/b/it' tried instead on input line 724.
LaTeX Font Info:    Font shape `OT1/ptm/bx/n' in size <11> not available
(Font)              Font shape `OT1/ptm/b/n' tried instead on input line 724.
LaTeX Font Info:    Font shape `OT1/ptm/bx/it' in size <11> not available
(Font)              Font shape `OT1/ptm/b/it' tried instead on input line 724.
LaTeX Font Info:    Font shape `OT1/ptm/bx/n' in size <12> not available
(Font)              Font shape `OT1/ptm/b/n' tried instead on input line 724.
LaTeX Font Info:    Font shape `OT1/ptm/bx/it' in size <12> not available
(Font)              Font shape `OT1/ptm/b/it' tried instead on input line 724.
LaTeX Font Info:    Font shape `OT1/ptm/bx/n' in size <17> not available
(Font)              Font shape `OT1/ptm/b/n' tried instead on input line 724.
LaTeX Font Info:    Font shape `OT1/ptm/bx/it' in size <17> not available
(Font)              Font shape `OT1/ptm/b/it' tried instead on input line 724.
LaTeX Font Info:    Font shape `OT1/ptm/bx/n' in size <20> not available
(Font)              Font shape `OT1/ptm/b/n' tried instead on input line 724.
LaTeX Font Info:    Font shape `OT1/ptm/bx/it' in size <20> not available
(Font)              Font shape `OT1/ptm/b/it' tried instead on input line 724.
LaTeX Font Info:    Font shape `OT1/ptm/bx/n' in size <24> not available
(Font)              Font shape `OT1/ptm/b/n' tried instead on input line 724.
LaTeX Font Info:    Font shape `OT1/ptm/bx/it' in size <24> not available
(Font)              Font shape `OT1/ptm/b/it' tried instead on input line 724.
\IEEEilabelindentA=\dimen108
\IEEEilabelindentB=\dimen109
\IEEEilabelindent=\dimen110
\IEEEelabelindent=\dimen111
\IEEEdlabelindent=\dimen112
\IEEElabelindent=\dimen113
\IEEEiednormlabelsep=\dimen114
\IEEEiedmathlabelsep=\dimen115
\IEEEiedtopsep=\skip41
\c@section=\count81
\c@subsection=\count82
\c@subsubsection=\count83
\c@paragraph=\count84
\c@IEEEsubequation=\count85
\abovecaptionskip=\skip42
\belowcaptionskip=\skip43
\c@figure=\count86
\c@table=\count87
\@IEEEeqnnumcols=\count88
\@IEEEeqncolcnt=\count89
\@IEEEtmpitemindent=\dimen116
\c@IEEEbiography=\count90
\@IEEEtranrubishbin=\box26
) (/usr/share/texmf-texlive/tex/latex/amsmath/amsmath.sty
Package: amsmath 2000/07/18 v2.13 AMS math features
\@mathmargin=\skip44

For additional information on amsmath, use the `?' option.
(/usr/share/texmf-texlive/tex/latex/amsmath/amstext.sty
Package: amstext 2000/06/29 v2.01

(/usr/share/texmf-texlive/tex/latex/amsmath/amsgen.sty
File: amsgen.sty 1999/11/30 v2.0
\@emptytoks=\toks15
\ex@=\dimen117
))
(/usr/share/texmf-texlive/tex/latex/amsmath/amsbsy.sty
Package: amsbsy 1999/11/29 v1.2d
\pmbraise@=\dimen118
)
(/usr/share/texmf-texlive/tex/latex/amsmath/amsopn.sty
Package: amsopn 1999/12/14 v2.01 operator names
)
\inf@bad=\count91
LaTeX Info: Redefining \frac on input line 211.
\uproot@=\count92
\leftroot@=\count93
LaTeX Info: Redefining \overline on input line 307.
\classnum@=\count94
\DOTSCASE@=\count95
LaTeX Info: Redefining \ldots on input line 379.
LaTeX Info: Redefining \dots on input line 382.
LaTeX Info: Redefining \cdots on input line 467.
\Mathstrutbox@=\box27
\strutbox@=\box28
\big@size=\dimen119
LaTeX Font Info:    Redeclaring font encoding OML on input line 567.
LaTeX Font Info:    Redeclaring font encoding OMS on input line 568.
\macc@depth=\count96
\c@MaxMatrixCols=\count97
\dotsspace@=\muskip10
\c@parentequation=\count98
\dspbrk@lvl=\count99
\tag@help=\toks16
\row@=\count100
\column@=\count101
\maxfields@=\count102
\andhelp@=\toks17
\eqnshift@=\dimen120
\alignsep@=\dimen121
\tagshift@=\dimen122
\tagwidth@=\dimen123
\totwidth@=\dimen124
\lineht@=\dimen125
\@envbody=\toks18
\multlinegap=\skip45
\multlinetaggap=\skip46
\mathdisplay@stack=\toks19
LaTeX Info: Redefining \[ on input line 2666.
LaTeX Info: Redefining \] on input line 2667.
)
(/usr/share/texmf-texlive/tex/latex/graphics/graphicx.sty
Package: graphicx 1999/02/16 v1.0f Enhanced LaTeX Graphics (DPC,SPQR)

(/usr/share/texmf-texlive/tex/latex/graphics/keyval.sty
Package: keyval 1999/03/16 v1.13 key=value parser (DPC)
\KV@toks@=\toks20
)
(/usr/share/texmf-texlive/tex/latex/graphics/graphics.sty
Package: graphics 2009/02/05 v1.0o Standard LaTeX Graphics (DPC,SPQR)

(/usr/share/texmf-texlive/tex/latex/graphics/trig.sty
Package: trig 1999/03/16 v1.09 sin cos tan (DPC)
)
(/etc/texmf/tex/latex/config/graphics.cfg
File: graphics.cfg 2009/08/28 v1.8 graphics configuration of TeX Live
)
Package graphics Info: Driver file: pdftex.def on input line 91.

(/usr/share/texmf-texlive/tex/latex/pdftex-def/pdftex.def
File: pdftex.def 2010/03/12 v0.04p Graphics/color for pdfTeX
\Gread@gobject=\count103
))
\Gin@req@height=\dimen126
\Gin@req@width=\dimen127
)

LaTeX Warning: Unused global option(s):
    [compsocconf].

(./INF3490_Homework_1_Report.aux)
\openout1 = `INF3490_Homework_1_Report.aux'.

LaTeX Font Info:    Checking defaults for OML/cmm/m/it on input line 5.
LaTeX Font Info:    ... okay on input line 5.
LaTeX Font Info:    Checking defaults for T1/cmr/m/n on input line 5.
LaTeX Font Info:    ... okay on input line 5.
LaTeX Font Info:    Checking defaults for OT1/cmr/m/n on input line 5.
LaTeX Font Info:    ... okay on input line 5.
LaTeX Font Info:    Checking defaults for OMS/cmsy/m/n on input line 5.
LaTeX Font Info:    ... okay on input line 5.
LaTeX Font Info:    Checking defaults for OMX/cmex/m/n on input line 5.
LaTeX Font Info:    ... okay on input line 5.
LaTeX Font Info:    Checking defaults for U/cmr/m/n on input line 5.
LaTeX Font Info:    ... okay on input line 5.

(/usr/share/texmf-texlive/tex/context/base/supp-pdf.mkii
[Loading MPS to PDF converter (version 2006.09.02).]
\scratchcounter=\count104
\scratchdimen=\dimen128
\scratchbox=\box29
\nofMPsegments=\count105
\nofMParguments=\count106
\everyMPshowfont=\toks21
\MPscratchCnt=\count107
\MPscratchDim=\dimen129
\MPnumerator=\count108
\everyMPtoPDFconversion=\toks22
) [1{/var/lib/texmf/fonts/map/pdftex/updmap/pdftex.map}


]
Underfull \hbox (badness 10000) in paragraph at lines 80--81
[]\OT1/ptm/m/n/10 Of 4 con-sid-ered mu-ta-tion prob-a-bil-i-ties $\OML/cmm/m/it
/10 P \OT1/cmr/m/n/10 =
 []


Underfull \hbox (badness 5817) in paragraph at lines 80--81
\OMS/cmsy/m/n/10 f\OT1/cmr/m/n/10 0\OML/cmm/m/it/10 :\OT1/cmr/m/n/10 02\OML/cmm
/m/it/10 ;  \OT1/cmr/m/n/10 0\OML/cmm/m/it/10 :\OT1/cmr/m/n/10 2\OML/cmm/m/it/1
0 ;  \OT1/cmr/m/n/10 0\OML/cmm/m/it/10 :\OT1/cmr/m/n/10 5\OML/cmm/m/it/10 ;  \O
T1/cmr/m/n/10 1\OML/cmm/m/it/10 :\OT1/cmr/m/n/10 0\OMS/cmsy/m/n/10 g$\OT1/ptm/m
/n/10 , $\OML/cmm/m/it/10 P \OT1/cmr/m/n/10 = 0\OML/cmm/m/it/10 :\OT1/cmr/m/n/1
0 02$ \OT1/ptm/m/n/10 con-sis-tently cre-ated
 []


Underfull \hbox (badness 7613) in paragraph at lines 80--81
\OT1/ptm/m/n/10 the most de-sir-able av-er-age and best so-lu-tions with
 []

[2]
Underfull \hbox (badness 10000) in paragraph at lines 125--131

 []


Overfull \hbox (49.29889pt too wide) in paragraph at lines 133--157
 [][] 
 []

[3]
<../Example_Output_Images/24_cities/30_seconds/exhaustiveSearch.png, id=22, 578
.16pt x 433.62pt>
File: ../Example_Output_Images/24_cities/30_seconds/exhaustiveSearch.png Graphi
c file (type png)

<use ../Example_Output_Images/24_cities/30_seconds/exhaustiveSearch.png>
Overfull \hbox (264.0pt too wide) in paragraph at lines 164--165
 [][] 
 []

[4 <../Example_Output_Images/24_cities/30_seconds/exhaustiveSearch.png>]
<../Example_Output_Images/24_cities/30_seconds/hillClimbing.png, id=28, 578.16p
t x 433.62pt>
File: ../Example_Output_Images/24_cities/30_seconds/hillClimbing.png Graphic fi
le (type png)

<use ../Example_Output_Images/24_cities/30_seconds/hillClimbing.png>
Overfull \hbox (264.0pt too wide) in paragraph at lines 174--175
 [][] 
 []

[5 <../Example_Output_Images/24_cities/30_seconds/hillClimbing.png>]
<../Example_Output_Images/24_cities/30_seconds/geneticSearch_025_populationMuli
plier.png, id=33, 578.16pt x 433.62pt>
File: ../Example_Output_Images/24_cities/30_seconds/geneticSearch_025_populatio
nMuliplier.png Graphic file (type png)

<use ../Example_Output_Images/24_cities/30_seconds/geneticSearch_025_population
Muliplier.png>
Overfull \hbox (264.0pt too wide) in paragraph at lines 184--185
 [][] 
 []

[6 <../Example_Output_Images/24_cities/30_seconds/geneticSearch_025_populationM
uliplier.png>]
<../Example_Output_Images/24_cities/30_seconds/geneticSearch_05_populationMulip
lier.png, id=38, 578.16pt x 433.62pt>
File: ../Example_Output_Images/24_cities/30_seconds/geneticSearch_05_population
Muliplier.png Graphic file (type png)

<use ../Example_Output_Images/24_cities/30_seconds/geneticSearch_05_populationM
uliplier.png>
Overfull \hbox (264.0pt too wide) in paragraph at lines 194--195
 [][] 
 []

[7 <../Example_Output_Images/24_cities/30_seconds/geneticSearch_05_populationMu
liplier.png>]
<../Example_Output_Images/24_cities/30_seconds/geneticSearch_10_populationMulip
lier.png, id=44, 578.16pt x 433.62pt>
File: ../Example_Output_Images/24_cities/30_seconds/geneticSearch_10_population
Muliplier.png Graphic file (type png)

<use ../Example_Output_Images/24_cities/30_seconds/geneticSearch_10_populationM
uliplier.png>
Overfull \hbox (264.0pt too wide) in paragraph at lines 204--205
 [][] 
 []

[8 <../Example_Output_Images/24_cities/30_seconds/geneticSearch_10_populationMu
liplier.png>]
<../Example_Output_Images/24_cities/30_seconds/geneticSearch_20_populationMulip
lier.png, id=49, 578.16pt x 433.62pt>
File: ../Example_Output_Images/24_cities/30_seconds/geneticSearch_20_population
Muliplier.png Graphic file (type png)

<use ../Example_Output_Images/24_cities/30_seconds/geneticSearch_20_populationM
uliplier.png>
Overfull \hbox (264.0pt too wide) in paragraph at lines 214--215
 [][] 
 []

[9 <../Example_Output_Images/24_cities/30_seconds/geneticSearch_20_populationMu
liplier.png>]
<../Example_Output_Images/24_cities/30_seconds/populationDiversity_025_populati
onMuliplier.png, id=54, 578.16pt x 433.62pt>
File: ../Example_Output_Images/24_cities/30_seconds/populationDiversity_025_pop
ulationMuliplier.png Graphic file (type png)

<use ../Example_Output_Images/24_cities/30_seconds/populationDiversity_025_popu
lationMuliplier.png>
Overfull \hbox (264.0pt too wide) in paragraph at lines 224--225
 [][] 
 []

[10 <../Example_Output_Images/24_cities/30_seconds/populationDiversity_025_popu
lationMuliplier.png>]
<../Example_Output_Images/24_cities/30_seconds/populationDiversity_05_populatio
nMuliplier.png, id=59, 578.16pt x 433.62pt>
File: ../Example_Output_Images/24_cities/30_seconds/populationDiversity_05_popu
lationMuliplier.png Graphic file (type png)

<use ../Example_Output_Images/24_cities/30_seconds/populationDiversity_05_popul
ationMuliplier.png>
Overfull \hbox (264.0pt too wide) in paragraph at lines 235--236
 [][] 
 []

[11 <../Example_Output_Images/24_cities/30_seconds/populationDiversity_05_popul
ationMuliplier.png>]
<../Example_Output_Images/24_cities/30_seconds/populationDiversity_10_populatio
nMuliplier.png, id=64, 578.16pt x 433.62pt>
File: ../Example_Output_Images/24_cities/30_seconds/populationDiversity_10_popu
lationMuliplier.png Graphic file (type png)

<use ../Example_Output_Images/24_cities/30_seconds/populationDiversity_10_popul
ationMuliplier.png>
Overfull \hbox (264.0pt too wide) in paragraph at lines 246--247
 [][] 
 []

[12 <../Example_Output_Images/24_cities/30_seconds/populationDiversity_10_popul
ationMuliplier.png>]
<../Example_Output_Images/24_cities/30_seconds/populationDiversity_20_populatio
nMuliplier.png, id=69, 578.16pt x 433.62pt>
File: ../Example_Output_Images/24_cities/30_seconds/populationDiversity_20_popu
lationMuliplier.png Graphic file (type png)

<use ../Example_Output_Images/24_cities/30_seconds/populationDiversity_20_popul
ationMuliplier.png>
Overfull \hbox (264.0pt too wide) in paragraph at lines 257--258
 [][] 
 []


** Conference Paper **
Before submitting the final camera ready copy, remember to:

 1. Manually equalize the lengths of two columns on the last page
 of your paper;

 2. Ensure that any PostScript and/or PDF output post-processing
 uses only Type 1 fonts and that every step in the generation
 process uses the appropriate paper size.

[13

 <../Example_Output_Images/24_cities/30_seconds/populationDiversity_20_populati
onMuliplier.png>] (./INF3490_Homework_1_Report.aux) ) 
Here is how much of TeX's memory you used:
 2241 strings out of 493848
 35556 string characters out of 1152823
 93893 words of memory out of 3000000
 5525 multiletter control sequences out of 15000+50000
 35736 words of font info for 72 fonts, out of 3000000 for 9000
 717 hyphenation exceptions out of 8191
 27i,8n,21p,870b,297s stack positions out of 5000i,500n,10000p,200000b,50000s
{/usr/share/texmf-texlive/
fonts/enc/dvips/base/8r.enc}</usr/share/texmf-texlive/fonts/type1/public/amsfon
ts/cm/cmmi10.pfb></usr/share/texmf-texlive/fonts/type1/public/amsfonts/cm/cmmi7
.pfb></usr/share/texmf-texlive/fonts/type1/public/amsfonts/cm/cmmi9.pfb></usr/s
hare/texmf-texlive/fonts/type1/public/amsfonts/cm/cmr10.pfb></usr/share/texmf-t
exlive/fonts/type1/public/amsfonts/cm/cmr7.pfb></usr/share/texmf-texlive/fonts/
type1/public/amsfonts/cm/cmsy10.pfb></usr/share/texmf-texlive/fonts/type1/publi
c/amsfonts/cm/cmsy7.pfb></usr/share/texmf-texlive/fonts/type1/urw/times/utmb8a.
pfb></usr/share/texmf-texlive/fonts/type1/urw/times/utmbi8a.pfb></usr/share/tex
mf-texlive/fonts/type1/urw/times/utmr8a.pfb></usr/share/texmf-texlive/fonts/typ
e1/urw/times/utmri8a.pfb>
Output written on INF3490_Homework_1_Report.pdf (13 pages, 1081399 bytes).
PDF statistics:
 111 PDF objects out of 1000 (max. 8388607)
 0 named destinations out of 1000 (max. 500000)
 51 words of extra memory for PDF output out of 10000 (max. 10000000)

